<?xml version="1.0" encoding="UTF-8"?>
<testng-results ignored="0" total="1" passed="1" failed="0" skipped="0">
  <reporter-output>
  </reporter-output>
  <suite started-at="2023-10-12T21:39:19 IST" name="Default suite" finished-at="2023-10-12T21:39:27 IST" duration-ms="8402">
    <groups>
    </groups>
    <test started-at="2023-10-12T21:39:19 IST" name="Default test" finished-at="2023-10-12T21:39:27 IST" duration-ms="8402">
      <class name="TestNG_Sequential.amazon">
        <test-method signature="amz()[pri:0, instance:TestNG_Sequential.amazon@7d8995e]" started-at="2023-10-12T21:39:19 IST" name="amz" finished-at="2023-10-12T21:39:27 IST" duration-ms="8361" status="PASS">
          <reporter-output>
          </reporter-output>
        </test-method> <!-- amz -->
      </class> <!-- TestNG_Sequential.amazon -->
    </test> <!-- Default test -->
  </suite> <!-- Default suite -->
</testng-results>
