<?xml version="1.0" encoding="UTF-8"?>
<testng-results ignored="0" total="3" passed="3" failed="0" skipped="0">
  <reporter-output>
  </reporter-output>
  <suite started-at="2023-10-06T20:37:19 IST" name="Default suite" finished-at="2023-10-06T20:38:15 IST" duration-ms="56475">
    <groups>
    </groups>
    <test started-at="2023-10-06T20:37:19 IST" name="Default test" finished-at="2023-10-06T20:38:15 IST" duration-ms="56475">
      <class name="TestNg.DataProviders">
        <test-method signature="facebook(java.lang.String,java.lang.String)[pri:0, instance:TestNg.DataProviders@7c7b252e]" started-at="2023-10-06T20:37:19 IST" name="facebook" data-provider="getData" finished-at="2023-10-06T20:38:06 IST" duration-ms="47085" status="PASS">
          <params>
            <param index="0">
              <value>
                <![CDATA[sasi]]>
              </value>
            </param>
            <param index="1">
              <value>
                <![CDATA[kala]]>
              </value>
            </param>
          </params>
          <reporter-output>
          </reporter-output>
        </test-method> <!-- facebook -->
        <test-method signature="facebook(java.lang.String,java.lang.String)[pri:0, instance:TestNg.DataProviders@7c7b252e]" started-at="2023-10-06T20:38:06 IST" name="facebook" data-provider="getData" finished-at="2023-10-06T20:38:10 IST" duration-ms="4424" status="PASS">
          <params>
            <param index="0">
              <value>
                <![CDATA[java]]>
              </value>
            </param>
            <param index="1">
              <value>
                <![CDATA[selemium]]>
              </value>
            </param>
          </params>
          <reporter-output>
          </reporter-output>
        </test-method> <!-- facebook -->
        <test-method signature="facebook(java.lang.String,java.lang.String)[pri:0, instance:TestNg.DataProviders@7c7b252e]" started-at="2023-10-06T20:38:10 IST" name="facebook" data-provider="getData" finished-at="2023-10-06T20:38:15 IST" duration-ms="4909" status="PASS">
          <params>
            <param index="0">
              <value>
                <![CDATA[QSpider]]>
              </value>
            </param>
            <param index="1">
              <value>
                <![CDATA[trainer]]>
              </value>
            </param>
          </params>
          <reporter-output>
          </reporter-output>
        </test-method> <!-- facebook -->
      </class> <!-- TestNg.DataProviders -->
    </test> <!-- Default test -->
  </suite> <!-- Default suite -->
</testng-results>
